<?xml version="1.0" encoding="UTF-8"?>
<coverage generated="1699456573123" clover="3.2.0">
  <project timestamp="1699456573123" name="All files">
    <metrics statements="20" coveredstatements="20" conditionals="12" coveredconditionals="12" methods="6" coveredmethods="6" elements="38" coveredelements="38" complexity="0" loc="20" ncloc="20" packages="1" files="3" classes="3"/>
    <file name="countSmileyFace.jsx" path="C:\Users\User\Desktop\Fullstack\test\neversitup\src\countSmileyFace.jsx">
      <metrics statements="9" coveredstatements="9" conditionals="8" coveredconditionals="8" methods="2" coveredmethods="2"/>
      <line num="2" count="4" type="cond" truecount="2" falsecount="0"/>
      <line num="3" count="3" type="stmt"/>
      <line num="4" count="3" type="stmt"/>
      <line num="5" count="3" type="stmt"/>
      <line num="7" count="3" type="stmt"/>
      <line num="8" count="3" type="stmt"/>
      <line num="9" count="13" type="cond" truecount="6" falsecount="0"/>
      <line num="10" count="13" type="stmt"/>
      <line num="12" count="3" type="stmt"/>
    </file>
    <file name="findOdd.jsx" path="C:\Users\User\Desktop\Fullstack\test\neversitup\src\findOdd.jsx">
      <metrics statements="1" coveredstatements="1" conditionals="0" coveredconditionals="0" methods="3" coveredmethods="3"/>
      <line num="2" count="107" type="stmt"/>
    </file>
    <file name="shuffle.jsx" path="C:\Users\User\Desktop\Fullstack\test\neversitup\src\shuffle.jsx">
      <metrics statements="10" coveredstatements="10" conditionals="4" coveredconditionals="4" methods="1" coveredmethods="1"/>
      <line num="2" count="27" type="cond" truecount="2" falsecount="0"/>
      <line num="4" count="12" type="stmt"/>
      <line num="6" count="12" type="stmt"/>
      <line num="7" count="29" type="stmt"/>
      <line num="8" count="29" type="cond" truecount="2" falsecount="0"/>
      <line num="9" count="6" type="stmt"/>
      <line num="11" count="23" type="stmt"/>
      <line num="12" count="23" type="stmt"/>
      <line num="13" count="32" type="stmt"/>
      <line num="16" count="12" type="stmt"/>
    </file>
  </project>
</coverage>
