{"C:\\Users\\User\\Desktop\\Fullstack\\test\\neversitup\\src\\countSmileyFace.jsx": {"path":"C:\\Users\\User\\Desktop\\Fullstack\\test\\neversitup\\src\\countSmileyFace.jsx","statementMap":{"0":{"start":{"line":2,"column":2},"end":{"line":2,"column":40}},"1":{"start":{"line":2,"column":32},"end":{"line":2,"column":40}},"2":{"start":{"line":3,"column":15},"end":{"line":3,"column":25}},"3":{"start":{"line":4,"column":16},"end":{"line":4,"column":26}},"4":{"start":{"line":5,"column":17},"end":{"line":5,"column":27}},"5":{"start":{"line":7,"column":14},"end":{"line":7,"column":15}},"6":{"start":{"line":8,"column":2},"end":{"line":11,"column":4}},"7":{"start":{"line":9,"column":4},"end":{"line":9,"column":150}},"8":{"start":{"line":9,"column":143},"end":{"line":9,"column":150}},"9":{"start":{"line":10,"column":4},"end":{"line":10,"column":10}},"10":{"start":{"line":12,"column":2},"end":{"line":12,"column":14}}},"fnMap":{"0":{"name":"countSmileyFace","decl":{"start":{"line":1,"column":24},"end":{"line":1,"column":39}},"loc":{"start":{"line":1,"column":53},"end":{"line":13,"column":1}},"line":1},"1":{"name":"(anonymous_1)","decl":{"start":{"line":8,"column":22},"end":{"line":8,"column":23}},"loc":{"start":{"line":8,"column":38},"end":{"line":11,"column":3}},"line":8}},"branchMap":{"0":{"loc":{"start":{"line":2,"column":2},"end":{"line":2,"column":40}},"type":"if","locations":[{"start":{"line":2,"column":2},"end":{"line":2,"column":40}},{"start":{},"end":{}}],"line":2},"1":{"loc":{"start":{"line":9,"column":4},"end":{"line":9,"column":150}},"type":"if","locations":[{"start":{"line":9,"column":4},"end":{"line":9,"column":150}},{"start":{},"end":{}}],"line":9},"2":{"loc":{"start":{"line":9,"column":8},"end":{"line":9,"column":141}},"type":"binary-expr","locations":[{"start":{"line":9,"column":8},"end":{"line":9,"column":36}},{"start":{"line":9,"column":42},"end":{"line":9,"column":71}},{"start":{"line":9,"column":75},"end":{"line":9,"column":105}},{"start":{"line":9,"column":110},"end":{"line":9,"column":140}}],"line":9}},"s":{"0":4,"1":1,"2":3,"3":3,"4":3,"5":3,"6":3,"7":13,"8":6,"9":13,"10":3},"f":{"0":4,"1":13},"b":{"0":[1,3],"1":[6,7],"2":[13,13,5,9]},"_coverageSchema":"1a1c01bbd47fc00a2c39e90264f33305004495a9","hash":"97ac6c235a2e4a262df11034ba0c2600e37061d1"}
,"C:\\Users\\User\\Desktop\\Fullstack\\test\\neversitup\\src\\findOdd.jsx": {"path":"C:\\Users\\User\\Desktop\\Fullstack\\test\\neversitup\\src\\findOdd.jsx","statementMap":{"0":{"start":{"line":2,"column":2},"end":{"line":2,"column":74}},"1":{"start":{"line":2,"column":31},"end":{"line":2,"column":73}},"2":{"start":{"line":2,"column":51},"end":{"line":2,"column":61}}},"fnMap":{"0":{"name":"findOdd","decl":{"start":{"line":1,"column":24},"end":{"line":1,"column":31}},"loc":{"start":{"line":1,"column":40},"end":{"line":17,"column":1}},"line":1},"1":{"name":"(anonymous_1)","decl":{"start":{"line":2,"column":21},"end":{"line":2,"column":22}},"loc":{"start":{"line":2,"column":31},"end":{"line":2,"column":73}},"line":2},"2":{"name":"(anonymous_2)","decl":{"start":{"line":2,"column":45},"end":{"line":2,"column":46}},"loc":{"start":{"line":2,"column":51},"end":{"line":2,"column":61}},"line":2}},"branchMap":{},"s":{"0":5,"1":13,"2":107},"f":{"0":5,"1":13,"2":107},"b":{},"_coverageSchema":"1a1c01bbd47fc00a2c39e90264f33305004495a9","hash":"f0cba15767814c9534c4e0b04aa524c1b65d3df3"}
,"C:\\Users\\User\\Desktop\\Fullstack\\test\\neversitup\\src\\shuffle.jsx": {"path":"C:\\Users\\User\\Desktop\\Fullstack\\test\\neversitup\\src\\shuffle.jsx","statementMap":{"0":{"start":{"line":2,"column":2},"end":{"line":2,"column":34}},"1":{"start":{"line":2,"column":22},"end":{"line":2,"column":34}},"2":{"start":{"line":4,"column":15},"end":{"line":4,"column":17}},"3":{"start":{"line":6,"column":2},"end":{"line":15,"column":3}},"4":{"start":{"line":6,"column":15},"end":{"line":6,"column":16}},"5":{"start":{"line":7,"column":15},"end":{"line":7,"column":21}},"6":{"start":{"line":8,"column":4},"end":{"line":9,"column":12}},"7":{"start":{"line":9,"column":4},"end":{"line":9,"column":12}},"8":{"start":{"line":11,"column":20},"end":{"line":11,"column":66}},"9":{"start":{"line":12,"column":4},"end":{"line":14,"column":5}},"10":{"start":{"line":13,"column":6},"end":{"line":13,"column":37}},"11":{"start":{"line":16,"column":2},"end":{"line":16,"column":15}}},"fnMap":{"0":{"name":"shuffle","decl":{"start":{"line":1,"column":24},"end":{"line":1,"column":31}},"loc":{"start":{"line":1,"column":37},"end":{"line":17,"column":1}},"line":1}},"branchMap":{"0":{"loc":{"start":{"line":2,"column":2},"end":{"line":2,"column":34}},"type":"if","locations":[{"start":{"line":2,"column":2},"end":{"line":2,"column":34}},{"start":{},"end":{}}],"line":2},"1":{"loc":{"start":{"line":8,"column":4},"end":{"line":9,"column":12}},"type":"if","locations":[{"start":{"line":8,"column":4},"end":{"line":9,"column":12}},{"start":{},"end":{}}],"line":8}},"s":{"0":27,"1":15,"2":12,"3":12,"4":12,"5":29,"6":29,"7":6,"8":23,"9":23,"10":32,"11":12},"f":{"0":27},"b":{"0":[15,12],"1":[6,23]},"_coverageSchema":"1a1c01bbd47fc00a2c39e90264f33305004495a9","hash":"f8076f31f22fcb60547439dd8fbb2549c87d2e29"}
}
