TN:
SF:src\countSmileyFace.jsx
FN:1,countSmileyFace
FN:8,(anonymous_1)
FNF:2
FNH:2
FNDA:4,countSmileyFace
FNDA:13,(anonymous_1)
DA:2,4
DA:3,3
DA:4,3
DA:5,3
DA:7,3
DA:8,3
DA:9,13
DA:10,13
DA:12,3
LF:9
LH:9
BRDA:2,0,0,1
BRDA:2,0,1,3
BRDA:9,1,0,6
BRDA:9,1,1,7
BRDA:9,2,0,13
BRDA:9,2,1,13
BRDA:9,2,2,5
BRDA:9,2,3,9
BRF:8
BRH:8
end_of_record
TN:
SF:src\findOdd.jsx
FN:1,findOdd
FN:2,(anonymous_1)
FN:2,(anonymous_2)
FNF:3
FNH:3
FNDA:5,findOdd
FNDA:13,(anonymous_1)
FNDA:107,(anonymous_2)
DA:2,107
LF:1
LH:1
BRF:0
BRH:0
end_of_record
TN:
SF:src\shuffle.jsx
FN:1,shuffle
FNF:1
FNH:1
FNDA:27,shuffle
DA:2,27
DA:4,12
DA:6,12
DA:7,29
DA:8,29
DA:9,6
DA:11,23
DA:12,23
DA:13,32
DA:16,12
LF:10
LH:10
BRDA:2,0,0,15
BRDA:2,0,1,12
BRDA:8,1,0,6
BRDA:8,1,1,23
BRF:4
BRH:4
end_of_record
